<?xml version="1.0" encoding="UTF-8"?>
<!-- Generated by org.testng.reporters.JUnitReportReporter -->
<testsuite hostname="Chaitanya" failures="0" tests="2" name="syklone.tundra.Homepagerediff" time="27.161" errors="0" timestamp="2021-04-02T19:04:54 IST" skipped="0">
  <testcase classname="syklone.tundra.Homepagerediff" name="logNavigation" time="12.127"/>
  <system-out/>
  <testcase classname="syklone.tundra.Homepagerediff" name="logNavigation" time="15.034"/>
  <system-out/>
</testsuite> <!-- syklone.tundra.Homepagerediff -->
