<?xml version="1.0" encoding="UTF-8"?>
<!-- Generated by org.testng.reporters.JUnitReportReporter -->
<testsuite hostname="Chaitanya" failures="0" tests="1" name="syklone.tundra.landingPage" time="7.644" errors="0" timestamp="2021-04-02T19:04:54 IST" skipped="0">
  <testcase classname="syklone.tundra.landingPage" name="Search" time="7.644"/>
  <system-out/>
</testsuite> <!-- syklone.tundra.landingPage -->
