<?xml version="1.0" encoding="UTF-8"?>
<!-- Generated by org.testng.reporters.JUnitReportReporter -->
<testsuite hostname="Chaitanya" failures="0" tests="1" name="syklone.tundra.landingPage" time="5.057" errors="0" timestamp="2021-04-03T15:18:04 IST" skipped="0">
  <testcase classname="syklone.tundra.landingPage" name="Search" time="5.057"/>
  <system-out/>
</testsuite> <!-- syklone.tundra.landingPage -->
