<?xml version="1.0" encoding="UTF-8"?>
<!-- Generated by org.testng.reporters.JUnitReportReporter -->
<testsuite hostname="Chaitanya" failures="0" tests="2" name="syklone.tundra.Homepagerediff" time="21.891" errors="0" timestamp="2021-04-03T15:18:04 IST" skipped="0">
  <testcase classname="syklone.tundra.Homepagerediff" name="logNavigation" time="10.786"/>
  <system-out/>
  <testcase classname="syklone.tundra.Homepagerediff" name="logNavigation" time="11.105"/>
  <system-out/>
</testsuite> <!-- syklone.tundra.Homepagerediff -->
